  front-end.cpp
C:\Users\stasu\source\repos\history-time-lists\history-time-lists\front-end.h(58,22): warning C4018: '<': signed/unsigned mismatch
C:\Users\stasu\source\repos\history-time-lists\history-time-lists\front-end.h(82,30): warning C4018: '<=': signed/unsigned mismatch
C:\Users\stasu\source\repos\history-time-lists\history-time-lists\front-end.h(86,35): warning C4018: '>': signed/unsigned mismatch
C:\Users\stasu\source\repos\history-time-lists\history-time-lists\front-end.h(109,21): warning C4018: '<': signed/unsigned mismatch
C:\Users\stasu\source\repos\history-time-lists\history-time-lists\front-end.h(141,24): warning C4244: '=': conversion from 'T' to 'int', possible loss of data
          with
          [
              T=float
          ]
C:\Users\stasu\source\repos\history-time-lists\history-time-lists\front-end.h(142,25): warning C4244: '=': conversion from 'T' to 'int', possible loss of data
          with
          [
              T=float
          ]
C:\Users\stasu\source\repos\history-time-lists\history-time-lists\front-end.h(167,14): warning C4244: 'initializing': conversion from 'double' to 'float', possible loss of data
C:\Users\stasu\source\repos\history-time-lists\history-time-lists\front-end.h(181,15): warning C4244: 'initializing': conversion from 'const T' to 'int', possible loss of data
          with
          [
              T=float
          ]
C:\Users\stasu\source\repos\history-time-lists\history-time-lists\front-end.h(182,15): warning C4244: 'initializing': conversion from 'const T' to 'int', possible loss of data
          with
          [
              T=float
          ]
C:\Users\stasu\source\repos\history-time-lists\history-time-lists\front-end.h(184,20): warning C4244: 'initializing': conversion from 'T' to 'int', possible loss of data
          with
          [
              T=float
          ]
C:\Users\stasu\source\repos\history-time-lists\history-time-lists\front-end.h(185,21): warning C4244: 'initializing': conversion from 'T' to 'int', possible loss of data
          with
          [
              T=float
          ]
C:\Users\stasu\source\repos\history-time-lists\history-time-lists\front-end.cpp(49,72): warning C4018: '<': signed/unsigned mismatch
C:\Users\stasu\source\repos\history-time-lists\history-time-lists\front-end.cpp(103,33): warning C4244: 'argument': conversion from 'int' to 'float', possible loss of data
C:\Users\stasu\source\repos\history-time-lists\history-time-lists\front-end.cpp(103,27): warning C4244: 'argument': conversion from 'int' to 'float', possible loss of data
C:\Users\stasu\source\repos\history-time-lists\history-time-lists\front-end.cpp(109,31): warning C4244: 'argument': conversion from 'int' to 'float', possible loss of data
C:\Users\stasu\source\repos\history-time-lists\history-time-lists\front-end.cpp(116,55): warning C4244: 'argument': conversion from 'int' to 'float', possible loss of data
C:\Users\stasu\source\repos\history-time-lists\history-time-lists\front-end.cpp(116,45): warning C4244: 'argument': conversion from 'T' to 'float', possible loss of data
          with
          [
              T=unsigned int
          ]
C:\Users\stasu\source\repos\history-time-lists\history-time-lists\front-end.cpp(123,51): warning C4244: 'argument': conversion from 'int' to 'float', possible loss of data
C:\Users\stasu\source\repos\history-time-lists\history-time-lists\front-end.cpp(123,45): warning C4244: 'argument': conversion from 'T' to 'float', possible loss of data
          with
          [
              T=unsigned int
          ]
C:\Users\stasu\source\repos\history-time-lists\history-time-lists\front-end.cpp(195,74): warning C4244: 'argument': conversion from 'T' to 'T', possible loss of data
          with
          [
              T=unsigned int
          ]
          and
          [
              T=float
          ]
C:\Users\stasu\source\repos\history-time-lists\history-time-lists\front-end.cpp(196,42): warning C4244: 'argument': conversion from 'T' to 'T', possible loss of data
          with
          [
              T=unsigned int
          ]
          and
          [
              T=float
          ]
C:\Users\stasu\source\repos\history-time-lists\history-time-lists\front-end.cpp(196,94): warning C4244: 'argument': conversion from 'T' to 'T', possible loss of data
          with
          [
              T=unsigned int
          ]
          and
          [
              T=float
          ]
C:\Users\stasu\source\repos\history-time-lists\history-time-lists\front-end.cpp(196,146): warning C4244: 'argument': conversion from 'T' to 'T', possible loss of data
          with
          [
              T=unsigned int
          ]
          and
          [
              T=float
          ]
C:\Users\stasu\source\repos\history-time-lists\history-time-lists\front-end.cpp(213,40): warning C4244: 'argument': conversion from 'T' to 'float', possible loss of data
          with
          [
              T=unsigned int
          ]
C:\Users\stasu\source\repos\history-time-lists\history-time-lists\front-end.cpp(256,75): warning C4018: '<': signed/unsigned mismatch
C:\Users\stasu\source\repos\history-time-lists\history-time-lists\front-end.cpp(269,76): warning C4018: '<': signed/unsigned mismatch
C:\Users\stasu\source\repos\history-time-lists\history-time-lists\front-end.cpp(270,71): warning C4018: '<': signed/unsigned mismatch
C:\Users\stasu\source\repos\history-time-lists\history-time-lists\front-end.cpp(275,76): warning C4018: '<': signed/unsigned mismatch
C:\Users\stasu\source\repos\history-time-lists\history-time-lists\front-end.cpp(276,72): warning C4018: '<': signed/unsigned mismatch
C:\Users\stasu\source\repos\history-time-lists\history-time-lists\front-end.cpp(281,76): warning C4018: '<': signed/unsigned mismatch
C:\Users\stasu\source\repos\history-time-lists\history-time-lists\front-end.cpp(282,72): warning C4018: '<': signed/unsigned mismatch
  history-time-lists.vcxproj -> C:\Users\stasu\source\repos\history-time-lists\Debug\history-time-lists.exe
