  back-end.cpp
C:\Users\stasu\source\repos\history-time-lists\history-time-lists\front-end.h(141,24): warning C4244: '=': conversion from 'T' to 'int', possible loss of data
          with
          [
              T=float
          ]
C:\Users\stasu\source\repos\history-time-lists\history-time-lists\front-end.h(142,25): warning C4244: '=': conversion from 'T' to 'int', possible loss of data
          with
          [
              T=float
          ]
C:\Users\stasu\source\repos\history-time-lists\history-time-lists\front-end.h(167,14): warning C4244: 'initializing': conversion from 'double' to 'float', possible loss of data
C:\Users\stasu\source\repos\history-time-lists\history-time-lists\front-end.h(181,15): warning C4244: 'initializing': conversion from 'const T' to 'int', possible loss of data
          with
          [
              T=float
          ]
C:\Users\stasu\source\repos\history-time-lists\history-time-lists\front-end.h(182,15): warning C4244: 'initializing': conversion from 'const T' to 'int', possible loss of data
          with
          [
              T=float
          ]
C:\Users\stasu\source\repos\history-time-lists\history-time-lists\front-end.h(184,20): warning C4244: 'initializing': conversion from 'T' to 'int', possible loss of data
          with
          [
              T=float
          ]
C:\Users\stasu\source\repos\history-time-lists\history-time-lists\front-end.h(185,21): warning C4244: 'initializing': conversion from 'T' to 'int', possible loss of data
          with
          [
              T=float
          ]
  front-end.cpp
C:\Users\stasu\source\repos\history-time-lists\history-time-lists\front-end.h(141,24): warning C4244: '=': conversion from 'T' to 'int', possible loss of data
          with
          [
              T=float
          ]
C:\Users\stasu\source\repos\history-time-lists\history-time-lists\front-end.h(142,25): warning C4244: '=': conversion from 'T' to 'int', possible loss of data
          with
          [
              T=float
          ]
C:\Users\stasu\source\repos\history-time-lists\history-time-lists\front-end.h(167,14): warning C4244: 'initializing': conversion from 'double' to 'float', possible loss of data
C:\Users\stasu\source\repos\history-time-lists\history-time-lists\front-end.h(181,15): warning C4244: 'initializing': conversion from 'const T' to 'int', possible loss of data
          with
          [
              T=float
          ]
C:\Users\stasu\source\repos\history-time-lists\history-time-lists\front-end.h(182,15): warning C4244: 'initializing': conversion from 'const T' to 'int', possible loss of data
          with
          [
              T=float
          ]
C:\Users\stasu\source\repos\history-time-lists\history-time-lists\front-end.h(184,20): warning C4244: 'initializing': conversion from 'T' to 'int', possible loss of data
          with
          [
              T=float
          ]
C:\Users\stasu\source\repos\history-time-lists\history-time-lists\front-end.h(185,21): warning C4244: 'initializing': conversion from 'T' to 'int', possible loss of data
          with
          [
              T=float
          ]
C:\Users\stasu\source\repos\history-time-lists\history-time-lists\front-end.cpp(49,72): warning C4018: '<': signed/unsigned mismatch
C:\Users\stasu\source\repos\history-time-lists\history-time-lists\front-end.cpp(103,33): warning C4244: 'argument': conversion from 'int' to 'float', possible loss of data
C:\Users\stasu\source\repos\history-time-lists\history-time-lists\front-end.cpp(103,27): warning C4244: 'argument': conversion from 'int' to 'float', possible loss of data
C:\Users\stasu\source\repos\history-time-lists\history-time-lists\front-end.cpp(109,31): warning C4244: 'argument': conversion from 'int' to 'float', possible loss of data
C:\Users\stasu\source\repos\history-time-lists\history-time-lists\front-end.cpp(116,55): warning C4244: 'argument': conversion from 'int' to 'float', possible loss of data
C:\Users\stasu\source\repos\history-time-lists\history-time-lists\front-end.cpp(116,45): warning C4244: 'argument': conversion from 'T' to 'float', possible loss of data
          with
          [
              T=unsigned int
          ]
C:\Users\stasu\source\repos\history-time-lists\history-time-lists\front-end.cpp(123,51): warning C4244: 'argument': conversion from 'int' to 'float', possible loss of data
C:\Users\stasu\source\repos\history-time-lists\history-time-lists\front-end.cpp(123,45): warning C4244: 'argument': conversion from 'T' to 'float', possible loss of data
          with
          [
              T=unsigned int
          ]
C:\Users\stasu\source\repos\history-time-lists\history-time-lists\front-end.cpp(182,74): warning C4244: 'argument': conversion from 'T' to 'T', possible loss of data
          with
          [
              T=unsigned int
          ]
          and
          [
              T=float
          ]
C:\Users\stasu\source\repos\history-time-lists\history-time-lists\front-end.cpp(183,42): warning C4244: 'argument': conversion from 'T' to 'T', possible loss of data
          with
          [
              T=unsigned int
          ]
          and
          [
              T=float
          ]
C:\Users\stasu\source\repos\history-time-lists\history-time-lists\front-end.cpp(183,94): warning C4244: 'argument': conversion from 'T' to 'T', possible loss of data
          with
          [
              T=unsigned int
          ]
          and
          [
              T=float
          ]
C:\Users\stasu\source\repos\history-time-lists\history-time-lists\front-end.cpp(183,146): warning C4244: 'argument': conversion from 'T' to 'T', possible loss of data
          with
          [
              T=unsigned int
          ]
          and
          [
              T=float
          ]
C:\Users\stasu\source\repos\history-time-lists\history-time-lists\front-end.cpp(200,40): warning C4244: 'argument': conversion from 'T' to 'float', possible loss of data
          with
          [
              T=unsigned int
          ]
C:\Users\stasu\source\repos\history-time-lists\history-time-lists\front-end.cpp(243,75): warning C4018: '<': signed/unsigned mismatch
C:\Users\stasu\source\repos\history-time-lists\history-time-lists\front-end.cpp(256,76): warning C4018: '<': signed/unsigned mismatch
C:\Users\stasu\source\repos\history-time-lists\history-time-lists\front-end.cpp(257,71): warning C4018: '<': signed/unsigned mismatch
C:\Users\stasu\source\repos\history-time-lists\history-time-lists\front-end.cpp(262,76): warning C4018: '<': signed/unsigned mismatch
C:\Users\stasu\source\repos\history-time-lists\history-time-lists\front-end.cpp(263,72): warning C4018: '<': signed/unsigned mismatch
C:\Users\stasu\source\repos\history-time-lists\history-time-lists\front-end.cpp(268,76): warning C4018: '<': signed/unsigned mismatch
C:\Users\stasu\source\repos\history-time-lists\history-time-lists\front-end.cpp(269,72): warning C4018: '<': signed/unsigned mismatch
  history-time-lists.cpp
C:\Users\stasu\source\repos\history-time-lists\history-time-lists\front-end.h(141,24): warning C4244: '=': conversion from 'T' to 'int', possible loss of data
          with
          [
              T=float
          ]
C:\Users\stasu\source\repos\history-time-lists\history-time-lists\front-end.h(142,25): warning C4244: '=': conversion from 'T' to 'int', possible loss of data
          with
          [
              T=float
          ]
C:\Users\stasu\source\repos\history-time-lists\history-time-lists\front-end.h(167,14): warning C4244: 'initializing': conversion from 'double' to 'float', possible loss of data
C:\Users\stasu\source\repos\history-time-lists\history-time-lists\front-end.h(181,15): warning C4244: 'initializing': conversion from 'const T' to 'int', possible loss of data
          with
          [
              T=float
          ]
C:\Users\stasu\source\repos\history-time-lists\history-time-lists\front-end.h(182,15): warning C4244: 'initializing': conversion from 'const T' to 'int', possible loss of data
          with
          [
              T=float
          ]
C:\Users\stasu\source\repos\history-time-lists\history-time-lists\front-end.h(184,20): warning C4244: 'initializing': conversion from 'T' to 'int', possible loss of data
          with
          [
              T=float
          ]
C:\Users\stasu\source\repos\history-time-lists\history-time-lists\front-end.h(185,21): warning C4244: 'initializing': conversion from 'T' to 'int', possible loss of data
          with
          [
              T=float
          ]
  Generating Code...
front-end.obj : error LNK2019: unresolved external symbol "__declspec(dllimport) public: __cdecl sf::String::String(char const *,class std::locale const &)" (__imp_??0String@sf@@QEAA@PEBDAEBVlocale@std@@@Z) referenced in function "void __cdecl `dynamic initializer for 'window''(void)" (??__Ewindow@@YAXXZ)
front-end.obj : error LNK2019: unresolved external symbol "__declspec(dllimport) public: __cdecl sf::String::String(class std::basic_string<char,struct std::char_traits<char>,class std::allocator<char> > const &,class std::locale const &)" (__imp_??0String@sf@@QEAA@AEBV?$basic_string@DU?$char_traits@D@std@@V?$allocator@D@2@@std@@AEBVlocale@3@@Z) referenced in function "void __cdecl setMenuText(class std::basic_string<char,struct std::char_traits<char>,class std::allocator<char> >,class sf::Text *,int,int)" (?setMenuText@@YAXV?$basic_string@DU?$char_traits@D@std@@V?$allocator@D@2@@std@@PEAVText@sf@@HH@Z)
front-end.obj : error LNK2019: unresolved external symbol "__declspec(dllimport) public: __cdecl sf::String::~String(void)" (__imp_??1String@sf@@QEAA@XZ) referenced in function "void __cdecl `dynamic initializer for 'window''(void)" (??__Ewindow@@YAXXZ)
front-end.obj : error LNK2019: unresolved external symbol "__declspec(dllimport) public: static class sf::Vector2<int> __cdecl sf::Mouse::getPosition(class sf::Window const &)" (__imp_?getPosition@Mouse@sf@@SA?AV?$Vector2@H@2@AEBVWindow@2@@Z) referenced in function "void __cdecl backToMenu(int *,class sf::Event,class sf::Text *)" (?backToMenu@@YAXPEAHVEvent@sf@@PEAVText@2@@Z)
front-end.obj : error LNK2019: unresolved external symbol "__declspec(dllimport) public: __cdecl sf::VideoMode::VideoMode(unsigned int,unsigned int,unsigned int)" (__imp_??0VideoMode@sf@@QEAA@III@Z) referenced in function "void __cdecl `dynamic initializer for 'window''(void)" (??__Ewindow@@YAXXZ)
front-end.obj : error LNK2019: unresolved external symbol "__declspec(dllimport) public: void __cdecl sf::Window::close(void)" (__imp_?close@Window@sf@@QEAAXXZ) referenced in function "void __cdecl setUpMenu(void)" (?setUpMenu@@YAXXZ)
front-end.obj : error LNK2019: unresolved external symbol "__declspec(dllimport) public: bool __cdecl sf::Window::isOpen(void)const " (__imp_?isOpen@Window@sf@@QEBA_NXZ) referenced in function "void __cdecl setUpMenu(void)" (?setUpMenu@@YAXXZ)
front-end.obj : error LNK2019: unresolved external symbol "__declspec(dllimport) public: bool __cdecl sf::Window::pollEvent(class sf::Event &)" (__imp_?pollEvent@Window@sf@@QEAA_NAEAVEvent@2@@Z) referenced in function "void __cdecl setUpMenu(void)" (?setUpMenu@@YAXXZ)
front-end.obj : error LNK2019: unresolved external symbol "__declspec(dllimport) public: void __cdecl sf::Window::display(void)" (__imp_?display@Window@sf@@QEAAXXZ) referenced in function "void __cdecl setUpMenu(void)" (?setUpMenu@@YAXXZ)
front-end.obj : error LNK2019: unresolved external symbol "__declspec(dllimport) public: void __cdecl sf::Transformable::setPosition(float,float)" (__imp_?setPosition@Transformable@sf@@QEAAXMM@Z) referenced in function "void __cdecl setDropDownMenuText(class sf::Text *,int)" (?setDropDownMenuText@@YAXPEAVText@sf@@H@Z)
front-end.obj : error LNK2019: unresolved external symbol "__declspec(dllimport) public: __cdecl sf::Color::Color(unsigned char,unsigned char,unsigned char,unsigned char)" (__imp_??0Color@sf@@QEAA@EEEE@Z) referenced in function "void __cdecl dropDown(class sf::RectangleShape *,int,int)" (?dropDown@@YAXPEAVRectangleShape@sf@@HH@Z)
front-end.obj : error LNK2019: unresolved external symbol "__declspec(dllimport) public: void __cdecl sf::Shape::setFillColor(class sf::Color const &)" (__imp_?setFillColor@Shape@sf@@QEAAXAEBVColor@2@@Z) referenced in function "void __cdecl dropDown(class sf::RectangleShape *,int,int)" (?dropDown@@YAXPEAVRectangleShape@sf@@HH@Z)
front-end.obj : error LNK2019: unresolved external symbol "__declspec(dllimport) public: __cdecl sf::Texture::Texture(void)" (__imp_??0Texture@sf@@QEAA@XZ) referenced in function "void __cdecl setUpMenu(void)" (?setUpMenu@@YAXXZ)
front-end.obj : error LNK2019: unresolved external symbol "__declspec(dllimport) public: __cdecl sf::Texture::~Texture(void)" (__imp_??1Texture@sf@@QEAA@XZ) referenced in function "void __cdecl setUpMenu(void)" (?setUpMenu@@YAXXZ)
front-end.obj : error LNK2019: unresolved external symbol "__declspec(dllimport) public: bool __cdecl sf::Texture::loadFromFile(class std::basic_string<char,struct std::char_traits<char>,class std::allocator<char> > const &,class sf::Rect<int> const &)" (__imp_?loadFromFile@Texture@sf@@QEAA_NAEBV?$basic_string@DU?$char_traits@D@std@@V?$allocator@D@2@@std@@AEBV?$Rect@H@2@@Z) referenced in function "void __cdecl setUpMenu(void)" (?setUpMenu@@YAXXZ)
front-end.obj : error LNK2019: unresolved external symbol "__declspec(dllimport) public: class sf::Vector2<unsigned int> __cdecl sf::Texture::getSize(void)const " (__imp_?getSize@Texture@sf@@QEBA?AV?$Vector2@I@2@XZ) referenced in function "void __cdecl setUpMenu(void)" (?setUpMenu@@YAXXZ)
front-end.obj : error LNK2019: unresolved external symbol "__declspec(dllimport) public: __cdecl sf::Font::Font(void)" (__imp_??0Font@sf@@QEAA@XZ) referenced in function "void __cdecl setUpMenu(void)" (?setUpMenu@@YAXXZ)
front-end.obj : error LNK2019: unresolved external symbol "__declspec(dllimport) public: __cdecl sf::Font::~Font(void)" (__imp_??1Font@sf@@QEAA@XZ) referenced in function "void __cdecl setUpMenu(void)" (?setUpMenu@@YAXXZ)
front-end.obj : error LNK2019: unresolved external symbol "__declspec(dllimport) public: bool __cdecl sf::Font::loadFromFile(class std::basic_string<char,struct std::char_traits<char>,class std::allocator<char> > const &)" (__imp_?loadFromFile@Font@sf@@QEAA_NAEBV?$basic_string@DU?$char_traits@D@std@@V?$allocator@D@2@@std@@@Z) referenced in function "void __cdecl setUpMenu(void)" (?setUpMenu@@YAXXZ)
front-end.obj : error LNK2019: unresolved external symbol "__declspec(dllimport) public: __cdecl sf::RectangleShape::RectangleShape(class sf::Vector2<float> const &)" (__imp_??0RectangleShape@sf@@QEAA@AEBV?$Vector2@M@1@@Z) referenced in function "void __cdecl setUpMenu(void)" (?setUpMenu@@YAXXZ)
front-end.obj : error LNK2019: unresolved external symbol "__declspec(dllimport) public: virtual __cdecl sf::RectangleShape::~RectangleShape(void)" (__imp_??1RectangleShape@sf@@UEAA@XZ) referenced in function "void __cdecl setUpMenu(void)" (?setUpMenu@@YAXXZ)
front-end.obj : error LNK2019: unresolved external symbol "__declspec(dllimport) public: void __cdecl sf::RenderTarget::clear(class sf::Color const &)" (__imp_?clear@RenderTarget@sf@@QEAAXAEBVColor@2@@Z) referenced in function "void __cdecl setUpMenu(void)" (?setUpMenu@@YAXXZ)
front-end.obj : error LNK2019: unresolved external symbol "__declspec(dllimport) public: void __cdecl sf::RenderTarget::draw(class sf::Drawable const &,class sf::RenderStates const &)" (__imp_?draw@RenderTarget@sf@@QEAAXAEBVDrawable@2@AEBVRenderStates@2@@Z) referenced in function "void __cdecl setUpMenu(void)" (?setUpMenu@@YAXXZ)
front-end.obj : error LNK2019: unresolved external symbol "__declspec(dllimport) public: __cdecl sf::RenderWindow::RenderWindow(class sf::VideoMode,class sf::String const &,unsigned int,struct sf::ContextSettings const &)" (__imp_??0RenderWindow@sf@@QEAA@VVideoMode@1@AEBVString@1@IAEBUContextSettings@1@@Z) referenced in function "void __cdecl `dynamic initializer for 'window''(void)" (??__Ewindow@@YAXXZ)
front-end.obj : error LNK2019: unresolved external symbol "__declspec(dllimport) public: virtual __cdecl sf::RenderWindow::~RenderWindow(void)" (__imp_??1RenderWindow@sf@@UEAA@XZ) referenced in function "void __cdecl `dynamic atexit destructor for 'window''(void)" (??__Fwindow@@YAXXZ)
front-end.obj : error LNK2019: unresolved external symbol "__declspec(dllimport) public: virtual class sf::Vector2<unsigned int> __cdecl sf::RenderWindow::getSize(void)const " (__imp_?getSize@RenderWindow@sf@@UEBA?AV?$Vector2@I@2@XZ) referenced in function "void __cdecl dropDown(class sf::RectangleShape *,int,int)" (?dropDown@@YAXPEAVRectangleShape@sf@@HH@Z)
front-end.obj : error LNK2019: unresolved external symbol "__declspec(dllimport) public: __cdecl sf::Sprite::Sprite(class sf::Texture const &)" (__imp_??0Sprite@sf@@QEAA@AEBVTexture@1@@Z) referenced in function "void __cdecl setUpMenu(void)" (?setUpMenu@@YAXXZ)
front-end.obj : error LNK2019: unresolved external symbol "__declspec(dllimport) public: void __cdecl sf::Sprite::setTextureRect(class sf::Rect<int> const &)" (__imp_?setTextureRect@Sprite@sf@@QEAAXAEBV?$Rect@H@2@@Z) referenced in function "void __cdecl setUpMenu(void)" (?setUpMenu@@YAXXZ)
front-end.obj : error LNK2019: unresolved external symbol "__declspec(dllimport) public: virtual __cdecl sf::Sprite::~Sprite(void)" (__imp_??1Sprite@sf@@UEAA@XZ) referenced in function "void __cdecl setUpMenu(void)" (?setUpMenu@@YAXXZ)
front-end.obj : error LNK2019: unresolved external symbol "__declspec(dllimport) public: __cdecl sf::Text::Text(void)" (__imp_??0Text@sf@@QEAA@XZ) referenced in function "void __cdecl setUpMenu(void)" (?setUpMenu@@YAXXZ)
front-end.obj : error LNK2019: unresolved external symbol "__declspec(dllimport) public: void __cdecl sf::Text::setString(class sf::String const &)" (__imp_?setString@Text@sf@@QEAAXAEBVString@2@@Z) referenced in function "void __cdecl backToMenuFromCreate(int *,class sf::Event,class sf::Text *,class sf::Text *,int *)" (?backToMenuFromCreate@@YAXPEAHVEvent@sf@@PEAVText@2@20@Z)
front-end.obj : error LNK2019: unresolved external symbol "__declspec(dllimport) public: void __cdecl sf::Text::setFont(class sf::Font const &)" (__imp_?setFont@Text@sf@@QEAAXAEBVFont@2@@Z) referenced in function "void __cdecl setUpMenu(void)" (?setUpMenu@@YAXXZ)
front-end.obj : error LNK2019: unresolved external symbol "__declspec(dllimport) public: void __cdecl sf::Text::setCharacterSize(unsigned int)" (__imp_?setCharacterSize@Text@sf@@QEAAXI@Z) referenced in function "void __cdecl setDropDownMenuText(class sf::Text *,int)" (?setDropDownMenuText@@YAXPEAVText@sf@@H@Z)
front-end.obj : error LNK2019: unresolved external symbol "__declspec(dllimport) public: void __cdecl sf::Text::setFillColor(class sf::Color const &)" (__imp_?setFillColor@Text@sf@@QEAAXAEBVColor@2@@Z) referenced in function "void __cdecl backToMenu(int *,class sf::Event,class sf::Text *)" (?backToMenu@@YAXPEAHVEvent@sf@@PEAVText@2@@Z)
front-end.obj : error LNK2019: unresolved external symbol "__declspec(dllimport) public: class sf::String const & __cdecl sf::Text::getString(void)const " (__imp_?getString@Text@sf@@QEBAAEBVString@2@XZ) referenced in function "void __cdecl currentLocationDropDown(int *,int,class sf::Event,class sf::Text *,class sf::Text *)" (?currentLocationDropDown@@YAXPEAHHVEvent@sf@@PEAVText@2@2@Z)
front-end.obj : error LNK2019: unresolved external symbol "__declspec(dllimport) public: unsigned int __cdecl sf::Text::getCharacterSize(void)const " (__imp_?getCharacterSize@Text@sf@@QEBAIXZ) referenced in function "void __cdecl backToMenu(int *,class sf::Event,class sf::Text *)" (?backToMenu@@YAXPEAHVEvent@sf@@PEAVText@2@@Z)
front-end.obj : error LNK2019: unresolved external symbol "__declspec(dllimport) public: virtual __cdecl sf::Text::~Text(void)" (__imp_??1Text@sf@@UEAA@XZ) referenced in function "void __cdecl setUpMenu(void)" (?setUpMenu@@YAXXZ)
front-end.obj : error LNK2019: unresolved external symbol "__declspec(dllimport) public: static class sf::RenderStates const sf::RenderStates::Default" (__imp_?Default@RenderStates@sf@@2V12@B) referenced in function "void __cdecl setUpMenu(void)" (?setUpMenu@@YAXXZ)
front-end.obj : error LNK2019: unresolved external symbol "__declspec(dllimport) public: static class sf::Color const sf::Color::Black" (__imp_?Black@Color@sf@@2V12@B) referenced in function "void __cdecl backToMenu(int *,class sf::Event,class sf::Text *)" (?backToMenu@@YAXPEAHVEvent@sf@@PEAVText@2@@Z)
front-end.obj : error LNK2019: unresolved external symbol "__declspec(dllimport) public: static class sf::Color const sf::Color::White" (__imp_?White@Color@sf@@2V12@B) referenced in function "void __cdecl backToMenu(int *,class sf::Event,class sf::Text *)" (?backToMenu@@YAXPEAHVEvent@sf@@PEAVText@2@@Z)
E:\My\SFML-2.5.1-windows-vc15-32-bit\SFML-2.5.1\lib\sfml-graphics-d.lib : warning LNK4272: library machine type 'x86' conflicts with target machine type 'x64'
E:\My\SFML-2.5.1-windows-vc15-32-bit\SFML-2.5.1\lib\sfml-window-d.lib : warning LNK4272: library machine type 'x86' conflicts with target machine type 'x64'
E:\My\SFML-2.5.1-windows-vc15-32-bit\SFML-2.5.1\lib\sfml-system-d.lib : warning LNK4272: library machine type 'x86' conflicts with target machine type 'x64'
E:\My\SFML-2.5.1-windows-vc15-32-bit\SFML-2.5.1\lib\sfml-audio-d.lib : warning LNK4272: library machine type 'x86' conflicts with target machine type 'x64'
C:\Users\stasu\source\repos\history-time-lists\x64\Debug\history-time-lists.exe : fatal error LNK1120: 40 unresolved externals
